# JRE version: OpenJDK Runtime Environment (17.0.11) (build 17.0.11+0--11852314)
# Java VM: OpenJDK 64-Bit Server VM (17.0.11+0--11852314, mixed mode, tiered, compressed oops, compressed class ptrs, g1 gc, windows-amd64)
GC Precious Log:
 CPUs: 4 total, 4 available
 Memory: 7954M
 Large Page Support: Disabled
 NUMA Support: Disabled
 Compressed Oops: Enabled (32-bit)
 Heap Region Size: 1M
 Heap Min Capacity: 8M
 Heap Initial Capacity: 126M
 Heap Max Capacity: 2G
 Pre-touch: Disabled
 Parallel Workers: 4
 Concurrent Workers: 1
 Concurrent Refinement Workers: 4
 Periodic GC: Disabled
Heap:
 garbage-first heap   total 227328K, used 116295K [0x0000000080000000, 0x0000000100000000)
  region size 1024K, 31 young (31744K), 9 survivors (9216K)
 Metaspace       used 98474K, committed 99200K, reserved 1179648K
  class space    used 13530K, committed 13888K, reserved 1048576K
GC Heap History (20 events):
Event: 19.577 GC heap before
{Heap before GC invocations=28 (full 0):
 garbage-first heap   total 97280K, used 65300K [0x0000000080000000, 0x0000000100000000)
  region size 1024K, 2 young (2048K), 1 survivors (1024K)
 Metaspace       used 62787K, committed 63360K, reserved 1114112K
  class space    used 8523K, committed 8832K, reserved 1048576K
}
Event: 19.579 GC heap after
{Heap after GC invocations=29 (full 0):
 garbage-first heap   total 97280K, used 65148K [0x0000000080000000, 0x0000000100000000)
  region size 1024K, 1 young (1024K), 1 survivors (1024K)
 Metaspace       used 62787K, committed 63360K, reserved 1114112K
  class space    used 8523K, committed 8832K, reserved 1048576K
}
Event: 19.964 GC heap before
{Heap before GC invocations=30 (full 0):
 garbage-first heap   total 119808K, used 80508K [0x0000000080000000, 0x0000000100000000)
  region size 1024K, 15 young (15360K), 1 survivors (1024K)
 Metaspace       used 63908K, committed 64512K, reserved 1114112K
  class space    used 8675K, committed 8960K, reserved 1048576K
}
Event: 19.967 GC heap after
{Heap after GC invocations=31 (full 0):
 garbage-first heap   total 119808K, used 66529K [0x0000000080000000, 0x0000000100000000)
  region size 1024K, 1 young (1024K), 1 survivors (1024K)
 Metaspace       used 63908K, committed 64512K, reserved 1114112K
  class space    used 8675K, committed 8960K, reserved 1048576K
}
Event: 20.069 GC heap before
{Heap before GC invocations=31 (full 0):
 garbage-first heap   total 119808K, used 70625K [0x0000000080000000, 0x0000000100000000)
  region size 1024K, 5 young (5120K), 1 survivors (1024K)
 Metaspace       used 64231K, committed 64832K, reserved 1114112K
  class space    used 8726K, committed 9024K, reserved 1048576K
}
Event: 20.072 GC heap after
{Heap after GC invocations=32 (full 0):
 garbage-first heap   total 119808K, used 66240K [0x0000000080000000, 0x0000000100000000)
  region size 1024K, 1 young (1024K), 1 survivors (1024K)
 Metaspace       used 64231K, committed 64832K, reserved 1114112K
  class space    used 8726K, committed 9024K, reserved 1048576K
}
Event: 20.671 GC heap before
{Heap before GC invocations=32 (full 0):
 garbage-first heap   total 119808K, used 92864K [0x0000000080000000, 0x0000000100000000)
  region size 1024K, 28 young (28672K), 1 survivors (1024K)
 Metaspace       used 67187K, committed 67712K, reserved 1114112K
  class space    used 9040K, committed 9280K, reserved 1048576K
}
Event: 20.675 GC heap after
{Heap after GC invocations=33 (full 0):
 garbage-first heap   total 119808K, used 66822K [0x0000000080000000, 0x0000000100000000)
  region size 1024K, 2 young (2048K), 2 survivors (2048K)
 Metaspace       used 67187K, committed 67712K, reserved 1114112K
  class space    used 9040K, committed 9280K, reserved 1048576K
}
Event: 21.352 GC heap before
{Heap before GC invocations=34 (full 0):
 garbage-first heap   total 121856K, used 95494K [0x0000000080000000, 0x0000000100000000)
  region size 1024K, 30 young (30720K), 2 survivors (2048K)
 Metaspace       used 69967K, committed 70528K, reserved 1114112K
  class space    used 9332K, committed 9600K, reserved 1048576K
}
Event: 21.358 GC heap after
{Heap after GC invocations=35 (full 0):
 garbage-first heap   total 121856K, used 67785K [0x0000000080000000, 0x0000000100000000)
  region size 1024K, 3 young (3072K), 3 survivors (3072K)
 Metaspace       used 69967K, committed 70528K, reserved 1114112K
  class space    used 9332K, committed 9600K, reserved 1048576K
}
Event: 21.410 GC heap before
{Heap before GC invocations=35 (full 0):
 garbage-first heap   total 121856K, used 68809K [0x0000000080000000, 0x0000000100000000)
  region size 1024K, 5 young (5120K), 3 survivors (3072K)
 Metaspace       used 70276K, committed 70848K, reserved 1114112K
  class space    used 9389K, committed 9664K, reserved 1048576K
}
Event: 21.416 GC heap after
{Heap after GC invocations=36 (full 0):
 garbage-first heap   total 227328K, used 67511K [0x0000000080000000, 0x0000000100000000)
  region size 1024K, 1 young (1024K), 1 survivors (1024K)
 Metaspace       used 70276K, committed 70848K, reserved 1114112K
  class space    used 9389K, committed 9664K, reserved 1048576K
}
Event: 24.357 GC heap before
{Heap before GC invocations=36 (full 0):
 garbage-first heap   total 227328K, used 169911K [0x0000000080000000, 0x0000000100000000)
  region size 1024K, 96 young (98304K), 1 survivors (1024K)
 Metaspace       used 77820K, committed 78400K, reserved 1179648K
  class space    used 10443K, committed 10752K, reserved 1048576K
}
Event: 24.371 GC heap after
{Heap after GC invocations=37 (full 0):
 garbage-first heap   total 227328K, used 75897K [0x0000000080000000, 0x0000000100000000)
  region size 1024K, 8 young (8192K), 8 survivors (8192K)
 Metaspace       used 77820K, committed 78400K, reserved 1179648K
  class space    used 10443K, committed 10752K, reserved 1048576K
}
Event: 27.663 GC heap before
{Heap before GC invocations=37 (full 0):
 garbage-first heap   total 227328K, used 173177K [0x0000000080000000, 0x0000000100000000)
  region size 1024K, 99 young (101376K), 8 survivors (8192K)
 Metaspace       used 85433K, committed 86080K, reserved 1179648K
  class space    used 11498K, committed 11776K, reserved 1048576K
}
Event: 27.684 GC heap after
{Heap after GC invocations=38 (full 0):
 garbage-first heap   total 227328K, used 87445K [0x0000000080000000, 0x0000000100000000)
  region size 1024K, 8 young (8192K), 8 survivors (8192K)
 Metaspace       used 85433K, committed 86080K, reserved 1179648K
  class space    used 11498K, committed 11776K, reserved 1048576K
}
Event: 31.732 GC heap before
{Heap before GC invocations=38 (full 0):
 garbage-first heap   total 227328K, used 173461K [0x0000000080000000, 0x0000000100000000)
  region size 1024K, 92 young (94208K), 8 survivors (8192K)
 Metaspace       used 90636K, committed 91264K, reserved 1179648K
  class space    used 12301K, committed 12608K, reserved 1048576K
}
Event: 31.749 GC heap after
{Heap after GC invocations=39 (full 0):
 garbage-first heap   total 227328K, used 90730K [0x0000000080000000, 0x0000000100000000)
  region size 1024K, 5 young (5120K), 5 survivors (5120K)
 Metaspace       used 90636K, committed 91264K, reserved 1179648K
  class space    used 12301K, committed 12608K, reserved 1048576K
}
Event: 36.704 GC heap before
{Heap before GC invocations=39 (full 0):
 garbage-first heap   total 227328K, used 178794K [0x0000000080000000, 0x0000000100000000)
  region size 1024K, 91 young (93184K), 5 survivors (5120K)
 Metaspace       used 96987K, committed 97728K, reserved 1179648K
  class space    used 13309K, committed 13696K, reserved 1048576K
}
Event: 36.723 GC heap after
{Heap after GC invocations=40 (full 0):
 garbage-first heap   total 227328K, used 94791K [0x0000000080000000, 0x0000000100000000)
  region size 1024K, 9 young (9216K), 9 survivors (9216K)
 Metaspace       used 96987K, committed 97728K, reserved 1179648K
  class space    used 13309K, committed 13696K, reserved 1048576K
}

